<?xml version="1.0" encoding="UTF-8"?>
<testsuite name="Registration the Utest website" tests="1" skipped="0" failures="0" errors="0" timestamp="2021-01-20T19:13:02" hostname="DESKTOP-LLB4TD8" time="57.619">
  <properties/>
  <testcase name="Amir create a user on the Utest platform" classname="Registration the Utest website" time="57.619"/>
  <system-out><![CDATA[]]></system-out>
  <system-err><![CDATA[[Test worker] WARN net.thucydides.core.steps.BaseStepListener - stepStarted: net.thucydides.core.steps.ExecutedStepDescription@33cd3485
[Test worker] WARN net.thucydides.core.steps.BaseStepListener - stepStarted: net.thucydides.core.steps.ExecutedStepDescription@5dcb4f5f
[Test worker] WARN net.thucydides.core.steps.BaseStepListener - stepStarted: net.thucydides.core.steps.ExecutedStepDescription@37f19854
ene 20, 2021 2:13:03 PM org.openqa.selenium.remote.DesiredCapabilities chrome
INFORMACIÓN: Using `new ChromeOptions()` is preferred to `DesiredCapabilities.chrome()`
[Test worker] INFO net.serenitybdd.core.webdriver.driverproviders.ProvideNewDriver - Instantiating driver
[Test worker] INFO net.serenitybdd.core.webdriver.driverproviders.ProvideNewDriver - Driver capabilities: Capabilities {acceptInsecureCerts: false, browserName: chrome, chrome.switches: --start-maximized, goog:chromeOptions: {args: [--start-maximized], extensions: []}, loggingPrefs: org.openqa.selenium.logging..., platform: ANY, version: }
Starting ChromeDriver 87.0.4280.88 (89e2380a3e36c3464b5dd1302349b1382549290d-refs/branch-heads/4280@{#1761}) on port 8667
Only local connections are allowed.
Please see https://chromedriver.chromium.org/security-considerations for suggestions on keeping ChromeDriver safe.
ChromeDriver was started successfully.
ene 20, 2021 2:13:11 PM org.openqa.selenium.remote.ProtocolHandshake createSession
INFORMACIÓN: Detected dialect: W3C
[Test worker] WARN net.thucydides.core.steps.BaseStepListener - stepFinished: current outcome:Amir create a user on the Utest platform:Given Enter a website the utes [Amir abrir [Amir opens the Utest pagina]]
[Test worker] WARN net.thucydides.core.steps.BaseStepListener - stepFinished: current outcome:Amir create a user on the Utest platform:Given Enter a website the utes [Amir abrir [Amir opens the Utest pagina]]
[Test worker] WARN net.thucydides.core.steps.BaseStepListener - stepFinished: current outcome:Amir create a user on the Utest platform:Given Enter a website the utes [Amir abrir [Amir opens the Utest pagina]]
[Test worker] WARN net.thucydides.core.steps.BaseStepListener - stepStarted: net.thucydides.core.steps.ExecutedStepDescription@37189654
[Test worker] WARN net.thucydides.core.steps.BaseStepListener - stepStarted: net.thucydides.core.steps.ExecutedStepDescription@599fa401
[Test worker] WARN net.thucydides.core.steps.BaseStepListener - stepStarted: net.thucydides.core.steps.ExecutedStepDescription@e7c5875
[Test worker] WARN net.thucydides.core.steps.BaseStepListener - stepFinished: current outcome:Amir create a user on the Utest platform:Given Enter a website the utes [Amir abrir [Amir opens the Utest pagina]], When Register on the websites
| srtname | srtlast | stremail | strmonth | strday | stryear | strcity | srtpostal | strpassword | strconfirpassword |
| Amir | Alexander | ing123@gmail.com | December | 4 | 1993 | Quibdo | 27000 | keN_3X.Agz9*c.& | keN_3X.Agz9*c.& | [Amir registro [Amir clicks on Bonton para registro]]
[Test worker] WARN net.thucydides.core.steps.BaseStepListener - stepStarted: net.thucydides.core.steps.ExecutedStepDescription@2933d182
[Test worker] WARN net.thucydides.core.steps.BaseStepListener - stepFinished: current outcome:Amir create a user on the Utest platform:Given Enter a website the utes [Amir abrir [Amir opens the Utest pagina]], When Register on the websites
| srtname | srtlast | stremail | strmonth | strday | stryear | strcity | srtpostal | strpassword | strconfirpassword |
| Amir | Alexander | ing123@gmail.com | December | 4 | 1993 | Quibdo | 27000 | keN_3X.Agz9*c.& | keN_3X.Agz9*c.& | [Amir registro [Amir clicks on Bonton para registro, Amir enters 'Amir' into Campo para ingresar primer nombre]]
[Test worker] WARN net.thucydides.core.steps.BaseStepListener - stepStarted: net.thucydides.core.steps.ExecutedStepDescription@2c18e107
[Test worker] WARN net.thucydides.core.steps.BaseStepListener - stepFinished: current outcome:Amir create a user on the Utest platform:Given Enter a website the utes [Amir abrir [Amir opens the Utest pagina]], When Register on the websites
| srtname | srtlast | stremail | strmonth | strday | stryear | strcity | srtpostal | strpassword | strconfirpassword |
| Amir | Alexander | ing123@gmail.com | December | 4 | 1993 | Quibdo | 27000 | keN_3X.Agz9*c.& | keN_3X.Agz9*c.& | [Amir registro [Amir clicks on Bonton para registro, Amir enters 'Amir' into Campo para ingresar primer nombre, Amir enters 'Alexander' into Campo para ingresar segundo nombre]]
[Test worker] WARN net.thucydides.core.steps.BaseStepListener - stepStarted: net.thucydides.core.steps.ExecutedStepDescription@1ea13cab
[Test worker] WARN net.thucydides.core.steps.BaseStepListener - stepFinished: current outcome:Amir create a user on the Utest platform:Given Enter a website the utes [Amir abrir [Amir opens the Utest pagina]], When Register on the websites
| srtname | srtlast | stremail | strmonth | strday | stryear | strcity | srtpostal | strpassword | strconfirpassword |
| Amir | Alexander | ing123@gmail.com | December | 4 | 1993 | Quibdo | 27000 | keN_3X.Agz9*c.& | keN_3X.Agz9*c.& | [Amir registro [Amir clicks on Bonton para registro, Amir enters 'Amir' into Campo para ingresar primer nombre, Amir enters 'Alexander' into Campo para ingresar segundo nombre, Amir enters 'ing123@gmail.com' into Campo para ingresar correo electronico]]
[Test worker] WARN net.thucydides.core.steps.BaseStepListener - stepStarted: net.thucydides.core.steps.ExecutedStepDescription@64e1e69c
[Test worker] WARN net.thucydides.core.steps.BaseStepListener - stepFinished: current outcome:Amir create a user on the Utest platform:Given Enter a website the utes [Amir abrir [Amir opens the Utest pagina]], When Register on the websites
| srtname | srtlast | stremail | strmonth | strday | stryear | strcity | srtpostal | strpassword | strconfirpassword |
| Amir | Alexander | ing123@gmail.com | December | 4 | 1993 | Quibdo | 27000 | keN_3X.Agz9*c.& | keN_3X.Agz9*c.& | [Amir registro [Amir clicks on Bonton para registro, Amir enters 'Amir' into Campo para ingresar primer nombre, Amir enters 'Alexander' into Campo para ingresar segundo nombre, Amir enters 'ing123@gmail.com' into Campo para ingresar correo electronico, Amir select December on Lista de meses]]
[Test worker] WARN net.thucydides.core.steps.BaseStepListener - stepStarted: net.thucydides.core.steps.ExecutedStepDescription@5cb42c9c
[Test worker] WARN net.thucydides.core.steps.BaseStepListener - stepFinished: current outcome:Amir create a user on the Utest platform:Given Enter a website the utes [Amir abrir [Amir opens the Utest pagina]], When Register on the websites
| srtname | srtlast | stremail | strmonth | strday | stryear | strcity | srtpostal | strpassword | strconfirpassword |
| Amir | Alexander | ing123@gmail.com | December | 4 | 1993 | Quibdo | 27000 | keN_3X.Agz9*c.& | keN_3X.Agz9*c.& | [Amir registro [Amir clicks on Bonton para registro, Amir enters 'Amir' into Campo para ingresar primer nombre, Amir enters 'Alexander' into Campo para ingresar segundo nombre, Amir enters 'ing123@gmail.com' into Campo para ingresar correo electronico, Amir select December on Lista de meses, Amir select 4 on Lista de dias]]
[Test worker] WARN net.thucydides.core.steps.BaseStepListener - stepStarted: net.thucydides.core.steps.ExecutedStepDescription@365b52c8
[Test worker] WARN net.thucydides.core.steps.BaseStepListener - stepFinished: current outcome:Amir create a user on the Utest platform:Given Enter a website the utes [Amir abrir [Amir opens the Utest pagina]], When Register on the websites
| srtname | srtlast | stremail | strmonth | strday | stryear | strcity | srtpostal | strpassword | strconfirpassword |
| Amir | Alexander | ing123@gmail.com | December | 4 | 1993 | Quibdo | 27000 | keN_3X.Agz9*c.& | keN_3X.Agz9*c.& | [Amir registro [Amir clicks on Bonton para registro, Amir enters 'Amir' into Campo para ingresar primer nombre, Amir enters 'Alexander' into Campo para ingresar segundo nombre, Amir enters 'ing123@gmail.com' into Campo para ingresar correo electronico, Amir select December on Lista de meses, Amir select 4 on Lista de dias, Amir select 1993 on Lista de aÃ±os]]
[Test worker] WARN net.thucydides.core.steps.BaseStepListener - stepStarted: net.thucydides.core.steps.ExecutedStepDescription@5431f69
[Test worker] WARN net.thucydides.core.steps.BaseStepListener - stepFinished: current outcome:Amir create a user on the Utest platform:Given Enter a website the utes [Amir abrir [Amir opens the Utest pagina]], When Register on the websites
| srtname | srtlast | stremail | strmonth | strday | stryear | strcity | srtpostal | strpassword | strconfirpassword |
| Amir | Alexander | ing123@gmail.com | December | 4 | 1993 | Quibdo | 27000 | keN_3X.Agz9*c.& | keN_3X.Agz9*c.& | [Amir registro [Amir clicks on Bonton para registro, Amir enters 'Amir' into Campo para ingresar primer nombre, Amir enters 'Alexander' into Campo para ingresar segundo nombre, Amir enters 'ing123@gmail.com' into Campo para ingresar correo electronico, Amir select December on Lista de meses, Amir select 4 on Lista de dias, Amir select 1993 on Lista de aÃ±os, Amir clicks on Boton Siguiente]]
[Test worker] WARN net.thucydides.core.steps.BaseStepListener - stepStarted: net.thucydides.core.steps.ExecutedStepDescription@221a7d36
[Test worker] WARN net.thucydides.core.steps.BaseStepListener - stepFinished: current outcome:Amir create a user on the Utest platform:Given Enter a website the utes [Amir abrir [Amir opens the Utest pagina]], When Register on the websites
| srtname | srtlast | stremail | strmonth | strday | stryear | strcity | srtpostal | strpassword | strconfirpassword |
| Amir | Alexander | ing123@gmail.com | December | 4 | 1993 | Quibdo | 27000 | keN_3X.Agz9*c.& | keN_3X.Agz9*c.& | [Amir registro [Amir clicks on Bonton para registro, Amir enters 'Amir' into Campo para ingresar primer nombre, Amir enters 'Alexander' into Campo para ingresar segundo nombre, Amir enters 'ing123@gmail.com' into Campo para ingresar correo electronico, Amir select December on Lista de meses, Amir select 4 on Lista de dias, Amir select 1993 on Lista de aÃ±os, Amir clicks on Boton Siguiente, Amir enters 'Quibdo' into Campo ciudad]]
[Test worker] WARN net.thucydides.core.steps.BaseStepListener - stepStarted: net.thucydides.core.steps.ExecutedStepDescription@6f873975
[Test worker] WARN net.thucydides.core.steps.BaseStepListener - stepFinished: current outcome:Amir create a user on the Utest platform:Given Enter a website the utes [Amir abrir [Amir opens the Utest pagina]], When Register on the websites
| srtname | srtlast | stremail | strmonth | strday | stryear | strcity | srtpostal | strpassword | strconfirpassword |
| Amir | Alexander | ing123@gmail.com | December | 4 | 1993 | Quibdo | 27000 | keN_3X.Agz9*c.& | keN_3X.Agz9*c.& | [Amir registro [Amir clicks on Bonton para registro, Amir enters 'Amir' into Campo para ingresar primer nombre, Amir enters 'Alexander' into Campo para ingresar segundo nombre, Amir enters 'ing123@gmail.com' into Campo para ingresar correo electronico, Amir select December on Lista de meses, Amir select 4 on Lista de dias, Amir select 1993 on Lista de aÃ±os, Amir clicks on Boton Siguiente, Amir enters 'Quibdo' into Campo ciudad, Amir types 'ARROW_DOWN' in Campo ciudad]]
[Test worker] WARN net.thucydides.core.steps.BaseStepListener - stepStarted: net.thucydides.core.steps.ExecutedStepDescription@6ebbde75
[Test worker] WARN net.thucydides.core.steps.BaseStepListener - stepFinished: current outcome:Amir create a user on the Utest platform:Given Enter a website the utes [Amir abrir [Amir opens the Utest pagina]], When Register on the websites
| srtname | srtlast | stremail | strmonth | strday | stryear | strcity | srtpostal | strpassword | strconfirpassword |
| Amir | Alexander | ing123@gmail.com | December | 4 | 1993 | Quibdo | 27000 | keN_3X.Agz9*c.& | keN_3X.Agz9*c.& | [Amir registro [Amir clicks on Bonton para registro, Amir enters 'Amir' into Campo para ingresar primer nombre, Amir enters 'Alexander' into Campo para ingresar segundo nombre, Amir enters 'ing123@gmail.com' into Campo para ingresar correo electronico, Amir select December on Lista de meses, Amir select 4 on Lista de dias, Amir select 1993 on Lista de aÃ±os, Amir clicks on Boton Siguiente, Amir enters 'Quibdo' into Campo ciudad, Amir types 'ARROW_DOWN' in Campo ciudad, Amir types 'ENTER' in Campo ciudad]]
[Test worker] WARN net.thucydides.core.steps.BaseStepListener - stepStarted: net.thucydides.core.steps.ExecutedStepDescription@48a23c85
[Test worker] WARN net.thucydides.core.steps.BaseStepListener - stepFinished: current outcome:Amir create a user on the Utest platform:Given Enter a website the utes [Amir abrir [Amir opens the Utest pagina]], When Register on the websites
| srtname | srtlast | stremail | strmonth | strday | stryear | strcity | srtpostal | strpassword | strconfirpassword |
| Amir | Alexander | ing123@gmail.com | December | 4 | 1993 | Quibdo | 27000 | keN_3X.Agz9*c.& | keN_3X.Agz9*c.& | [Amir registro [Amir clicks on Bonton para registro, Amir enters 'Amir' into Campo para ingresar primer nombre, Amir enters 'Alexander' into Campo para ingresar segundo nombre, Amir enters 'ing123@gmail.com' into Campo para ingresar correo electronico, Amir select December on Lista de meses, Amir select 4 on Lista de dias, Amir select 1993 on Lista de aÃ±os, Amir clicks on Boton Siguiente, Amir enters 'Quibdo' into Campo ciudad, Amir types 'ARROW_DOWN' in Campo ciudad, Amir types 'ENTER' in Campo ciudad, Amir types 'ESCAPE' in Campo ciudad]]
[Test worker] WARN net.thucydides.core.steps.BaseStepListener - stepStarted: net.thucydides.core.steps.ExecutedStepDescription@5b689e73
[Test worker] WARN net.thucydides.core.steps.BaseStepListener - stepFinished: current outcome:Amir create a user on the Utest platform:Given Enter a website the utes [Amir abrir [Amir opens the Utest pagina]], When Register on the websites
| srtname | srtlast | stremail | strmonth | strday | stryear | strcity | srtpostal | strpassword | strconfirpassword |
| Amir | Alexander | ing123@gmail.com | December | 4 | 1993 | Quibdo | 27000 | keN_3X.Agz9*c.& | keN_3X.Agz9*c.& | [Amir registro [Amir clicks on Bonton para registro, Amir enters 'Amir' into Campo para ingresar primer nombre, Amir enters 'Alexander' into Campo para ingresar segundo nombre, Amir enters 'ing123@gmail.com' into Campo para ingresar correo electronico, Amir select December on Lista de meses, Amir select 4 on Lista de dias, Amir select 1993 on Lista de aÃ±os, Amir clicks on Boton Siguiente, Amir enters 'Quibdo' into Campo ciudad, Amir types 'ARROW_DOWN' in Campo ciudad, Amir types 'ENTER' in Campo ciudad, Amir types 'ESCAPE' in Campo ciudad, Amir enters '27000' into Campo codigo postal]]
[Test worker] WARN net.thucydides.core.steps.BaseStepListener - stepStarted: net.thucydides.core.steps.ExecutedStepDescription@2eb46343
[Test worker] WARN net.thucydides.core.steps.BaseStepListener - stepFinished: current outcome:Amir create a user on the Utest platform:Given Enter a website the utes [Amir abrir [Amir opens the Utest pagina]], When Register on the websites
| srtname | srtlast | stremail | strmonth | strday | stryear | strcity | srtpostal | strpassword | strconfirpassword |
| Amir | Alexander | ing123@gmail.com | December | 4 | 1993 | Quibdo | 27000 | keN_3X.Agz9*c.& | keN_3X.Agz9*c.& | [Amir registro [Amir clicks on Bonton para registro, Amir enters 'Amir' into Campo para ingresar primer nombre, Amir enters 'Alexander' into Campo para ingresar segundo nombre, Amir enters 'ing123@gmail.com' into Campo para ingresar correo electronico, Amir select December on Lista de meses, Amir select 4 on Lista de dias, Amir select 1993 on Lista de aÃ±os, Amir clicks on Boton Siguiente, Amir enters 'Quibdo' into Campo ciudad, Amir types 'ARROW_DOWN' in Campo ciudad, Amir types 'ENTER' in Campo ciudad, Amir types 'ESCAPE' in Campo ciudad, Amir enters '27000' into Campo codigo postal, Amir clicks on Boton de siguiente]]
[Test worker] WARN net.thucydides.core.steps.BaseStepListener - stepStarted: net.thucydides.core.steps.ExecutedStepDescription@52a6c916
[Test worker] WARN net.thucydides.core.steps.BaseStepListener - stepFinished: current outcome:Amir create a user on the Utest platform:Given Enter a website the utes [Amir abrir [Amir opens the Utest pagina]], When Register on the websites
| srtname | srtlast | stremail | strmonth | strday | stryear | strcity | srtpostal | strpassword | strconfirpassword |
| Amir | Alexander | ing123@gmail.com | December | 4 | 1993 | Quibdo | 27000 | keN_3X.Agz9*c.& | keN_3X.Agz9*c.& | [Amir registro [Amir clicks on Bonton para registro, Amir enters 'Amir' into Campo para ingresar primer nombre, Amir enters 'Alexander' into Campo para ingresar segundo nombre, Amir enters 'ing123@gmail.com' into Campo para ingresar correo electronico, Amir select December on Lista de meses, Amir select 4 on Lista de dias, Amir select 1993 on Lista de aÃ±os, Amir clicks on Boton Siguiente, Amir enters 'Quibdo' into Campo ciudad, Amir types 'ARROW_DOWN' in Campo ciudad, Amir types 'ENTER' in Campo ciudad, Amir types 'ESCAPE' in Campo ciudad, Amir enters '27000' into Campo codigo postal, Amir clicks on Boton de siguiente, Amir clicks on Computador ]]
[Test worker] WARN net.thucydides.core.steps.BaseStepListener - stepStarted: net.thucydides.core.steps.ExecutedStepDescription@669fe43b
[Test worker] WARN net.thucydides.core.steps.BaseStepListener - stepFinished: current outcome:Amir create a user on the Utest platform:Given Enter a website the utes [Amir abrir [Amir opens the Utest pagina]], When Register on the websites
| srtname | srtlast | stremail | strmonth | strday | stryear | strcity | srtpostal | strpassword | strconfirpassword |
| Amir | Alexander | ing123@gmail.com | December | 4 | 1993 | Quibdo | 27000 | keN_3X.Agz9*c.& | keN_3X.Agz9*c.& | [Amir registro [Amir clicks on Bonton para registro, Amir enters 'Amir' into Campo para ingresar primer nombre, Amir enters 'Alexander' into Campo para ingresar segundo nombre, Amir enters 'ing123@gmail.com' into Campo para ingresar correo electronico, Amir select December on Lista de meses, Amir select 4 on Lista de dias, Amir select 1993 on Lista de aÃ±os, Amir clicks on Boton Siguiente, Amir enters 'Quibdo' into Campo ciudad, Amir types 'ARROW_DOWN' in Campo ciudad, Amir types 'ENTER' in Campo ciudad, Amir types 'ESCAPE' in Campo ciudad, Amir enters '27000' into Campo codigo postal, Amir clicks on Boton de siguiente, Amir clicks on Computador , Amir clicks on Seleccionar]]
[Test worker] WARN net.thucydides.core.steps.BaseStepListener - stepStarted: net.thucydides.core.steps.ExecutedStepDescription@7018750a
[Test worker] WARN net.thucydides.core.steps.BaseStepListener - stepFinished: current outcome:Amir create a user on the Utest platform:Given Enter a website the utes [Amir abrir [Amir opens the Utest pagina]], When Register on the websites
| srtname | srtlast | stremail | strmonth | strday | stryear | strcity | srtpostal | strpassword | strconfirpassword |
| Amir | Alexander | ing123@gmail.com | December | 4 | 1993 | Quibdo | 27000 | keN_3X.Agz9*c.& | keN_3X.Agz9*c.& | [Amir registro [Amir clicks on Bonton para registro, Amir enters 'Amir' into Campo para ingresar primer nombre, Amir enters 'Alexander' into Campo para ingresar segundo nombre, Amir enters 'ing123@gmail.com' into Campo para ingresar correo electronico, Amir select December on Lista de meses, Amir select 4 on Lista de dias, Amir select 1993 on Lista de aÃ±os, Amir clicks on Boton Siguiente, Amir enters 'Quibdo' into Campo ciudad, Amir types 'ARROW_DOWN' in Campo ciudad, Amir types 'ENTER' in Campo ciudad, Amir types 'ESCAPE' in Campo ciudad, Amir enters '27000' into Campo codigo postal, Amir clicks on Boton de siguiente, Amir clicks on Computador , Amir clicks on Seleccionar, Amir clicks on Seleccionar]]
[Test worker] WARN net.thucydides.core.steps.BaseStepListener - stepStarted: net.thucydides.core.steps.ExecutedStepDescription@5a7875b6
[Test worker] WARN net.thucydides.core.steps.BaseStepListener - stepFinished: current outcome:Amir create a user on the Utest platform:Given Enter a website the utes [Amir abrir [Amir opens the Utest pagina]], When Register on the websites
| srtname | srtlast | stremail | strmonth | strday | stryear | strcity | srtpostal | strpassword | strconfirpassword |
| Amir | Alexander | ing123@gmail.com | December | 4 | 1993 | Quibdo | 27000 | keN_3X.Agz9*c.& | keN_3X.Agz9*c.& | [Amir registro [Amir clicks on Bonton para registro, Amir enters 'Amir' into Campo para ingresar primer nombre, Amir enters 'Alexander' into Campo para ingresar segundo nombre, Amir enters 'ing123@gmail.com' into Campo para ingresar correo electronico, Amir select December on Lista de meses, Amir select 4 on Lista de dias, Amir select 1993 on Lista de aÃ±os, Amir clicks on Boton Siguiente, Amir enters 'Quibdo' into Campo ciudad, Amir types 'ARROW_DOWN' in Campo ciudad, Amir types 'ENTER' in Campo ciudad, Amir types 'ESCAPE' in Campo ciudad, Amir enters '27000' into Campo codigo postal, Amir clicks on Boton de siguiente, Amir clicks on Computador , Amir clicks on Seleccionar, Amir clicks on Seleccionar, Amir clicks on Seleccionar]]
[Test worker] WARN net.thucydides.core.steps.BaseStepListener - stepStarted: net.thucydides.core.steps.ExecutedStepDescription@5ef2a55f
[Test worker] WARN net.thucydides.core.steps.BaseStepListener - stepFinished: current outcome:Amir create a user on the Utest platform:Given Enter a website the utes [Amir abrir [Amir opens the Utest pagina]], When Register on the websites
| srtname | srtlast | stremail | strmonth | strday | stryear | strcity | srtpostal | strpassword | strconfirpassword |
| Amir | Alexander | ing123@gmail.com | December | 4 | 1993 | Quibdo | 27000 | keN_3X.Agz9*c.& | keN_3X.Agz9*c.& | [Amir registro [Amir clicks on Bonton para registro, Amir enters 'Amir' into Campo para ingresar primer nombre, Amir enters 'Alexander' into Campo para ingresar segundo nombre, Amir enters 'ing123@gmail.com' into Campo para ingresar correo electronico, Amir select December on Lista de meses, Amir select 4 on Lista de dias, Amir select 1993 on Lista de aÃ±os, Amir clicks on Boton Siguiente, Amir enters 'Quibdo' into Campo ciudad, Amir types 'ARROW_DOWN' in Campo ciudad, Amir types 'ENTER' in Campo ciudad, Amir types 'ESCAPE' in Campo ciudad, Amir enters '27000' into Campo codigo postal, Amir clicks on Boton de siguiente, Amir clicks on Computador , Amir clicks on Seleccionar, Amir clicks on Seleccionar, Amir clicks on Seleccionar, Amir clicks on Seleccionar]]
[Test worker] WARN net.thucydides.core.steps.BaseStepListener - stepStarted: net.thucydides.core.steps.ExecutedStepDescription@19458126
[Test worker] WARN net.thucydides.core.steps.BaseStepListener - stepFinished: current outcome:Amir create a user on the Utest platform:Given Enter a website the utes [Amir abrir [Amir opens the Utest pagina]], When Register on the websites
| srtname | srtlast | stremail | strmonth | strday | stryear | strcity | srtpostal | strpassword | strconfirpassword |
| Amir | Alexander | ing123@gmail.com | December | 4 | 1993 | Quibdo | 27000 | keN_3X.Agz9*c.& | keN_3X.Agz9*c.& | [Amir registro [Amir clicks on Bonton para registro, Amir enters 'Amir' into Campo para ingresar primer nombre, Amir enters 'Alexander' into Campo para ingresar segundo nombre, Amir enters 'ing123@gmail.com' into Campo para ingresar correo electronico, Amir select December on Lista de meses, Amir select 4 on Lista de dias, Amir select 1993 on Lista de aÃ±os, Amir clicks on Boton Siguiente, Amir enters 'Quibdo' into Campo ciudad, Amir types 'ARROW_DOWN' in Campo ciudad, Amir types 'ENTER' in Campo ciudad, Amir types 'ESCAPE' in Campo ciudad, Amir enters '27000' into Campo codigo postal, Amir clicks on Boton de siguiente, Amir clicks on Computador , Amir clicks on Seleccionar, Amir clicks on Seleccionar, Amir clicks on Seleccionar, Amir clicks on Seleccionar, Amir clicks on Seleccionar]]
[Test worker] WARN net.thucydides.core.steps.BaseStepListener - stepStarted: net.thucydides.core.steps.ExecutedStepDescription@161fdb31
[Test worker] WARN net.thucydides.core.steps.BaseStepListener - stepFinished: current outcome:Amir create a user on the Utest platform:Given Enter a website the utes [Amir abrir [Amir opens the Utest pagina]], When Register on the websites
| srtname | srtlast | stremail | strmonth | strday | stryear | strcity | srtpostal | strpassword | strconfirpassword |
| Amir | Alexander | ing123@gmail.com | December | 4 | 1993 | Quibdo | 27000 | keN_3X.Agz9*c.& | keN_3X.Agz9*c.& | [Amir registro [Amir clicks on Bonton para registro, Amir enters 'Amir' into Campo para ingresar primer nombre, Amir enters 'Alexander' into Campo para ingresar segundo nombre, Amir enters 'ing123@gmail.com' into Campo para ingresar correo electronico, Amir select December on Lista de meses, Amir select 4 on Lista de dias, Amir select 1993 on Lista de aÃ±os, Amir clicks on Boton Siguiente, Amir enters 'Quibdo' into Campo ciudad, Amir types 'ARROW_DOWN' in Campo ciudad, Amir types 'ENTER' in Campo ciudad, Amir types 'ESCAPE' in Campo ciudad, Amir enters '27000' into Campo codigo postal, Amir clicks on Boton de siguiente, Amir clicks on Computador , Amir clicks on Seleccionar, Amir clicks on Seleccionar, Amir clicks on Seleccionar, Amir clicks on Seleccionar, Amir clicks on Seleccionar, Amir clicks on Seleccionar]]
[Test worker] WARN net.thucydides.core.steps.BaseStepListener - stepStarted: net.thucydides.core.steps.ExecutedStepDescription@4092602d
[Test worker] WARN net.thucydides.core.steps.BaseStepListener - stepFinished: current outcome:Amir create a user on the Utest platform:Given Enter a website the utes [Amir abrir [Amir opens the Utest pagina]], When Register on the websites
| srtname | srtlast | stremail | strmonth | strday | stryear | strcity | srtpostal | strpassword | strconfirpassword |
| Amir | Alexander | ing123@gmail.com | December | 4 | 1993 | Quibdo | 27000 | keN_3X.Agz9*c.& | keN_3X.Agz9*c.& | [Amir registro [Amir clicks on Bonton para registro, Amir enters 'Amir' into Campo para ingresar primer nombre, Amir enters 'Alexander' into Campo para ingresar segundo nombre, Amir enters 'ing123@gmail.com' into Campo para ingresar correo electronico, Amir select December on Lista de meses, Amir select 4 on Lista de dias, Amir select 1993 on Lista de aÃ±os, Amir clicks on Boton Siguiente, Amir enters 'Quibdo' into Campo ciudad, Amir types 'ARROW_DOWN' in Campo ciudad, Amir types 'ENTER' in Campo ciudad, Amir types 'ESCAPE' in Campo ciudad, Amir enters '27000' into Campo codigo postal, Amir clicks on Boton de siguiente, Amir clicks on Computador , Amir clicks on Seleccionar, Amir clicks on Seleccionar, Amir clicks on Seleccionar, Amir clicks on Seleccionar, Amir clicks on Seleccionar, Amir clicks on Seleccionar, Amir clicks on Seleccionar]]
[Test worker] WARN net.thucydides.core.steps.BaseStepListener - stepStarted: net.thucydides.core.steps.ExecutedStepDescription@6316bed4
[Test worker] WARN net.thucydides.core.steps.BaseStepListener - stepFinished: current outcome:Amir create a user on the Utest platform:Given Enter a website the utes [Amir abrir [Amir opens the Utest pagina]], When Register on the websites
| srtname | srtlast | stremail | strmonth | strday | stryear | strcity | srtpostal | strpassword | strconfirpassword |
| Amir | Alexander | ing123@gmail.com | December | 4 | 1993 | Quibdo | 27000 | keN_3X.Agz9*c.& | keN_3X.Agz9*c.& | [Amir registro [Amir clicks on Bonton para registro, Amir enters 'Amir' into Campo para ingresar primer nombre, Amir enters 'Alexander' into Campo para ingresar segundo nombre, Amir enters 'ing123@gmail.com' into Campo para ingresar correo electronico, Amir select December on Lista de meses, Amir select 4 on Lista de dias, Amir select 1993 on Lista de aÃ±os, Amir clicks on Boton Siguiente, Amir enters 'Quibdo' into Campo ciudad, Amir types 'ARROW_DOWN' in Campo ciudad, Amir types 'ENTER' in Campo ciudad, Amir types 'ESCAPE' in Campo ciudad, Amir enters '27000' into Campo codigo postal, Amir clicks on Boton de siguiente, Amir clicks on Computador , Amir clicks on Seleccionar, Amir clicks on Seleccionar, Amir clicks on Seleccionar, Amir clicks on Seleccionar, Amir clicks on Seleccionar, Amir clicks on Seleccionar, Amir clicks on Seleccionar, Amir clicks on Seleccionar]]
[Test worker] WARN net.thucydides.core.steps.BaseStepListener - stepStarted: net.thucydides.core.steps.ExecutedStepDescription@668f7167
[Test worker] WARN net.thucydides.core.steps.BaseStepListener - stepFinished: current outcome:Amir create a user on the Utest platform:Given Enter a website the utes [Amir abrir [Amir opens the Utest pagina]], When Register on the websites
| srtname | srtlast | stremail | strmonth | strday | stryear | strcity | srtpostal | strpassword | strconfirpassword |
| Amir | Alexander | ing123@gmail.com | December | 4 | 1993 | Quibdo | 27000 | keN_3X.Agz9*c.& | keN_3X.Agz9*c.& | [Amir registro [Amir clicks on Bonton para registro, Amir enters 'Amir' into Campo para ingresar primer nombre, Amir enters 'Alexander' into Campo para ingresar segundo nombre, Amir enters 'ing123@gmail.com' into Campo para ingresar correo electronico, Amir select December on Lista de meses, Amir select 4 on Lista de dias, Amir select 1993 on Lista de aÃ±os, Amir clicks on Boton Siguiente, Amir enters 'Quibdo' into Campo ciudad, Amir types 'ARROW_DOWN' in Campo ciudad, Amir types 'ENTER' in Campo ciudad, Amir types 'ESCAPE' in Campo ciudad, Amir enters '27000' into Campo codigo postal, Amir clicks on Boton de siguiente, Amir clicks on Computador , Amir clicks on Seleccionar, Amir clicks on Seleccionar, Amir clicks on Seleccionar, Amir clicks on Seleccionar, Amir clicks on Seleccionar, Amir clicks on Seleccionar, Amir clicks on Seleccionar, Amir clicks on Seleccionar, Amir clicks on Seleccionar]]
[Test worker] WARN net.thucydides.core.steps.BaseStepListener - stepStarted: net.thucydides.core.steps.ExecutedStepDescription@12d056cd
[Test worker] WARN net.thucydides.core.steps.BaseStepListener - stepFinished: current outcome:Amir create a user on the Utest platform:Given Enter a website the utes [Amir abrir [Amir opens the Utest pagina]], When Register on the websites
| srtname | srtlast | stremail | strmonth | strday | stryear | strcity | srtpostal | strpassword | strconfirpassword |
| Amir | Alexander | ing123@gmail.com | December | 4 | 1993 | Quibdo | 27000 | keN_3X.Agz9*c.& | keN_3X.Agz9*c.& | [Amir registro [Amir clicks on Bonton para registro, Amir enters 'Amir' into Campo para ingresar primer nombre, Amir enters 'Alexander' into Campo para ingresar segundo nombre, Amir enters 'ing123@gmail.com' into Campo para ingresar correo electronico, Amir select December on Lista de meses, Amir select 4 on Lista de dias, Amir select 1993 on Lista de aÃ±os, Amir clicks on Boton Siguiente, Amir enters 'Quibdo' into Campo ciudad, Amir types 'ARROW_DOWN' in Campo ciudad, Amir types 'ENTER' in Campo ciudad, Amir types 'ESCAPE' in Campo ciudad, Amir enters '27000' into Campo codigo postal, Amir clicks on Boton de siguiente, Amir clicks on Computador , Amir clicks on Seleccionar, Amir clicks on Seleccionar, Amir clicks on Seleccionar, Amir clicks on Seleccionar, Amir clicks on Seleccionar, Amir clicks on Seleccionar, Amir clicks on Seleccionar, Amir clicks on Seleccionar, Amir clicks on Seleccionar, Amir clicks on Seleccionar]]
[Test worker] WARN net.thucydides.core.steps.BaseStepListener - stepStarted: net.thucydides.core.steps.ExecutedStepDescription@66ce9250
[Test worker] WARN net.thucydides.core.steps.BaseStepListener - stepFinished: current outcome:Amir create a user on the Utest platform:Given Enter a website the utes [Amir abrir [Amir opens the Utest pagina]], When Register on the websites
| srtname | srtlast | stremail | strmonth | strday | stryear | strcity | srtpostal | strpassword | strconfirpassword |
| Amir | Alexander | ing123@gmail.com | December | 4 | 1993 | Quibdo | 27000 | keN_3X.Agz9*c.& | keN_3X.Agz9*c.& | [Amir registro [Amir clicks on Bonton para registro, Amir enters 'Amir' into Campo para ingresar primer nombre, Amir enters 'Alexander' into Campo para ingresar segundo nombre, Amir enters 'ing123@gmail.com' into Campo para ingresar correo electronico, Amir select December on Lista de meses, Amir select 4 on Lista de dias, Amir select 1993 on Lista de aÃ±os, Amir clicks on Boton Siguiente, Amir enters 'Quibdo' into Campo ciudad, Amir types 'ARROW_DOWN' in Campo ciudad, Amir types 'ENTER' in Campo ciudad, Amir types 'ESCAPE' in Campo ciudad, Amir enters '27000' into Campo codigo postal, Amir clicks on Boton de siguiente, Amir clicks on Computador , Amir clicks on Seleccionar, Amir clicks on Seleccionar, Amir clicks on Seleccionar, Amir clicks on Seleccionar, Amir clicks on Seleccionar, Amir clicks on Seleccionar, Amir clicks on Seleccionar, Amir clicks on Seleccionar, Amir clicks on Seleccionar, Amir clicks on Seleccionar, Amir clicks on Seleccionar]]
[Test worker] WARN net.thucydides.core.steps.BaseStepListener - stepStarted: net.thucydides.core.steps.ExecutedStepDescription@4274273e
[Test worker] WARN net.thucydides.core.steps.BaseStepListener - stepFinished: current outcome:Amir create a user on the Utest platform:Given Enter a website the utes [Amir abrir [Amir opens the Utest pagina]], When Register on the websites
| srtname | srtlast | stremail | strmonth | strday | stryear | strcity | srtpostal | strpassword | strconfirpassword |
| Amir | Alexander | ing123@gmail.com | December | 4 | 1993 | Quibdo | 27000 | keN_3X.Agz9*c.& | keN_3X.Agz9*c.& | [Amir registro [Amir clicks on Bonton para registro, Amir enters 'Amir' into Campo para ingresar primer nombre, Amir enters 'Alexander' into Campo para ingresar segundo nombre, Amir enters 'ing123@gmail.com' into Campo para ingresar correo electronico, Amir select December on Lista de meses, Amir select 4 on Lista de dias, Amir select 1993 on Lista de aÃ±os, Amir clicks on Boton Siguiente, Amir enters 'Quibdo' into Campo ciudad, Amir types 'ARROW_DOWN' in Campo ciudad, Amir types 'ENTER' in Campo ciudad, Amir types 'ESCAPE' in Campo ciudad, Amir enters '27000' into Campo codigo postal, Amir clicks on Boton de siguiente, Amir clicks on Computador , Amir clicks on Seleccionar, Amir clicks on Seleccionar, Amir clicks on Seleccionar, Amir clicks on Seleccionar, Amir clicks on Seleccionar, Amir clicks on Seleccionar, Amir clicks on Seleccionar, Amir clicks on Seleccionar, Amir clicks on Seleccionar, Amir clicks on Seleccionar, Amir clicks on Seleccionar, Amir clicks on Boton para continuar]]
[Test worker] WARN net.thucydides.core.steps.BaseStepListener - stepStarted: net.thucydides.core.steps.ExecutedStepDescription@8527762
[Test worker] WARN net.thucydides.core.steps.BaseStepListener - stepFinished: current outcome:Amir create a user on the Utest platform:Given Enter a website the utes [Amir abrir [Amir opens the Utest pagina]], When Register on the websites
| srtname | srtlast | stremail | strmonth | strday | stryear | strcity | srtpostal | strpassword | strconfirpassword |
| Amir | Alexander | ing123@gmail.com | December | 4 | 1993 | Quibdo | 27000 | keN_3X.Agz9*c.& | keN_3X.Agz9*c.& | [Amir registro [Amir clicks on Bonton para registro, Amir enters 'Amir' into Campo para ingresar primer nombre, Amir enters 'Alexander' into Campo para ingresar segundo nombre, Amir enters 'ing123@gmail.com' into Campo para ingresar correo electronico, Amir select December on Lista de meses, Amir select 4 on Lista de dias, Amir select 1993 on Lista de aÃ±os, Amir clicks on Boton Siguiente, Amir enters 'Quibdo' into Campo ciudad, Amir types 'ARROW_DOWN' in Campo ciudad, Amir types 'ENTER' in Campo ciudad, Amir types 'ESCAPE' in Campo ciudad, Amir enters '27000' into Campo codigo postal, Amir clicks on Boton de siguiente, Amir clicks on Computador , Amir clicks on Seleccionar, Amir clicks on Seleccionar, Amir clicks on Seleccionar, Amir clicks on Seleccionar, Amir clicks on Seleccionar, Amir clicks on Seleccionar, Amir clicks on Seleccionar, Amir clicks on Seleccionar, Amir clicks on Seleccionar, Amir clicks on Seleccionar, Amir clicks on Seleccionar, Amir clicks on Boton para continuar, Amir enters 'keN_3X.Agz9*c.&' into ContraseÃ±a]]
[Test worker] WARN net.thucydides.core.steps.BaseStepListener - stepStarted: net.thucydides.core.steps.ExecutedStepDescription@44bb8280
[Test worker] WARN net.thucydides.core.steps.BaseStepListener - stepFinished: current outcome:Amir create a user on the Utest platform:Given Enter a website the utes [Amir abrir [Amir opens the Utest pagina]], When Register on the websites
| srtname | srtlast | stremail | strmonth | strday | stryear | strcity | srtpostal | strpassword | strconfirpassword |
| Amir | Alexander | ing123@gmail.com | December | 4 | 1993 | Quibdo | 27000 | keN_3X.Agz9*c.& | keN_3X.Agz9*c.& | [Amir registro [Amir clicks on Bonton para registro, Amir enters 'Amir' into Campo para ingresar primer nombre, Amir enters 'Alexander' into Campo para ingresar segundo nombre, Amir enters 'ing123@gmail.com' into Campo para ingresar correo electronico, Amir select December on Lista de meses, Amir select 4 on Lista de dias, Amir select 1993 on Lista de aÃ±os, Amir clicks on Boton Siguiente, Amir enters 'Quibdo' into Campo ciudad, Amir types 'ARROW_DOWN' in Campo ciudad, Amir types 'ENTER' in Campo ciudad, Amir types 'ESCAPE' in Campo ciudad, Amir enters '27000' into Campo codigo postal, Amir clicks on Boton de siguiente, Amir clicks on Computador , Amir clicks on Seleccionar, Amir clicks on Seleccionar, Amir clicks on Seleccionar, Amir clicks on Seleccionar, Amir clicks on Seleccionar, Amir clicks on Seleccionar, Amir clicks on Seleccionar, Amir clicks on Seleccionar, Amir clicks on Seleccionar, Amir clicks on Seleccionar, Amir clicks on Seleccionar, Amir clicks on Boton para continuar, Amir enters 'keN_3X.Agz9*c.&' into ContraseÃ±a, Amir enters 'keN_3X.Agz9*c.&' into Confirmar contraseÃ±a]]
[Test worker] WARN net.thucydides.core.steps.BaseStepListener - stepStarted: net.thucydides.core.steps.ExecutedStepDescription@38257f26
[Test worker] WARN net.thucydides.core.steps.BaseStepListener - stepFinished: current outcome:Amir create a user on the Utest platform:Given Enter a website the utes [Amir abrir [Amir opens the Utest pagina]], When Register on the websites
| srtname | srtlast | stremail | strmonth | strday | stryear | strcity | srtpostal | strpassword | strconfirpassword |
| Amir | Alexander | ing123@gmail.com | December | 4 | 1993 | Quibdo | 27000 | keN_3X.Agz9*c.& | keN_3X.Agz9*c.& | [Amir registro [Amir clicks on Bonton para registro, Amir enters 'Amir' into Campo para ingresar primer nombre, Amir enters 'Alexander' into Campo para ingresar segundo nombre, Amir enters 'ing123@gmail.com' into Campo para ingresar correo electronico, Amir select December on Lista de meses, Amir select 4 on Lista de dias, Amir select 1993 on Lista de aÃ±os, Amir clicks on Boton Siguiente, Amir enters 'Quibdo' into Campo ciudad, Amir types 'ARROW_DOWN' in Campo ciudad, Amir types 'ENTER' in Campo ciudad, Amir types 'ESCAPE' in Campo ciudad, Amir enters '27000' into Campo codigo postal, Amir clicks on Boton de siguiente, Amir clicks on Computador , Amir clicks on Seleccionar, Amir clicks on Seleccionar, Amir clicks on Seleccionar, Amir clicks on Seleccionar, Amir clicks on Seleccionar, Amir clicks on Seleccionar, Amir clicks on Seleccionar, Amir clicks on Seleccionar, Amir clicks on Seleccionar, Amir clicks on Seleccionar, Amir clicks on Seleccionar, Amir clicks on Boton para continuar, Amir enters 'keN_3X.Agz9*c.&' into ContraseÃ±a, Amir enters 'keN_3X.Agz9*c.&' into Confirmar contraseÃ±a, Amir clicks on Terminos]]
[Test worker] WARN net.thucydides.core.steps.BaseStepListener - stepStarted: net.thucydides.core.steps.ExecutedStepDescription@3d075d66
[Test worker] WARN net.thucydides.core.steps.BaseStepListener - stepFinished: current outcome:Amir create a user on the Utest platform:Given Enter a website the utes [Amir abrir [Amir opens the Utest pagina]], When Register on the websites
| srtname | srtlast | stremail | strmonth | strday | stryear | strcity | srtpostal | strpassword | strconfirpassword |
| Amir | Alexander | ing123@gmail.com | December | 4 | 1993 | Quibdo | 27000 | keN_3X.Agz9*c.& | keN_3X.Agz9*c.& | [Amir registro [Amir clicks on Bonton para registro, Amir enters 'Amir' into Campo para ingresar primer nombre, Amir enters 'Alexander' into Campo para ingresar segundo nombre, Amir enters 'ing123@gmail.com' into Campo para ingresar correo electronico, Amir select December on Lista de meses, Amir select 4 on Lista de dias, Amir select 1993 on Lista de aÃ±os, Amir clicks on Boton Siguiente, Amir enters 'Quibdo' into Campo ciudad, Amir types 'ARROW_DOWN' in Campo ciudad, Amir types 'ENTER' in Campo ciudad, Amir types 'ESCAPE' in Campo ciudad, Amir enters '27000' into Campo codigo postal, Amir clicks on Boton de siguiente, Amir clicks on Computador , Amir clicks on Seleccionar, Amir clicks on Seleccionar, Amir clicks on Seleccionar, Amir clicks on Seleccionar, Amir clicks on Seleccionar, Amir clicks on Seleccionar, Amir clicks on Seleccionar, Amir clicks on Seleccionar, Amir clicks on Seleccionar, Amir clicks on Seleccionar, Amir clicks on Seleccionar, Amir clicks on Boton para continuar, Amir enters 'keN_3X.Agz9*c.&' into ContraseÃ±a, Amir enters 'keN_3X.Agz9*c.&' into Confirmar contraseÃ±a, Amir clicks on Terminos, Amir clicks on Privacidad]]
[Test worker] WARN net.thucydides.core.steps.BaseStepListener - stepFinished: current outcome:Amir create a user on the Utest platform:Given Enter a website the utes [Amir abrir [Amir opens the Utest pagina]], When Register on the websites
| srtname | srtlast | stremail | strmonth | strday | stryear | strcity | srtpostal | strpassword | strconfirpassword |
| Amir | Alexander | ing123@gmail.com | December | 4 | 1993 | Quibdo | 27000 | keN_3X.Agz9*c.& | keN_3X.Agz9*c.& | [Amir registro [Amir clicks on Bonton para registro, Amir enters 'Amir' into Campo para ingresar primer nombre, Amir enters 'Alexander' into Campo para ingresar segundo nombre, Amir enters 'ing123@gmail.com' into Campo para ingresar correo electronico, Amir select December on Lista de meses, Amir select 4 on Lista de dias, Amir select 1993 on Lista de aÃ±os, Amir clicks on Boton Siguiente, Amir enters 'Quibdo' into Campo ciudad, Amir types 'ARROW_DOWN' in Campo ciudad, Amir types 'ENTER' in Campo ciudad, Amir types 'ESCAPE' in Campo ciudad, Amir enters '27000' into Campo codigo postal, Amir clicks on Boton de siguiente, Amir clicks on Computador , Amir clicks on Seleccionar, Amir clicks on Seleccionar, Amir clicks on Seleccionar, Amir clicks on Seleccionar, Amir clicks on Seleccionar, Amir clicks on Seleccionar, Amir clicks on Seleccionar, Amir clicks on Seleccionar, Amir clicks on Seleccionar, Amir clicks on Seleccionar, Amir clicks on Seleccionar, Amir clicks on Boton para continuar, Amir enters 'keN_3X.Agz9*c.&' into ContraseÃ±a, Amir enters 'keN_3X.Agz9*c.&' into Confirmar contraseÃ±a, Amir clicks on Terminos, Amir clicks on Privacidad]]
[Test worker] WARN net.thucydides.core.steps.BaseStepListener - stepFinished: current outcome:Amir create a user on the Utest platform:Given Enter a website the utes [Amir abrir [Amir opens the Utest pagina]], When Register on the websites
| srtname | srtlast | stremail | strmonth | strday | stryear | strcity | srtpostal | strpassword | strconfirpassword |
| Amir | Alexander | ing123@gmail.com | December | 4 | 1993 | Quibdo | 27000 | keN_3X.Agz9*c.& | keN_3X.Agz9*c.& | [Amir registro [Amir clicks on Bonton para registro, Amir enters 'Amir' into Campo para ingresar primer nombre, Amir enters 'Alexander' into Campo para ingresar segundo nombre, Amir enters 'ing123@gmail.com' into Campo para ingresar correo electronico, Amir select December on Lista de meses, Amir select 4 on Lista de dias, Amir select 1993 on Lista de aÃ±os, Amir clicks on Boton Siguiente, Amir enters 'Quibdo' into Campo ciudad, Amir types 'ARROW_DOWN' in Campo ciudad, Amir types 'ENTER' in Campo ciudad, Amir types 'ESCAPE' in Campo ciudad, Amir enters '27000' into Campo codigo postal, Amir clicks on Boton de siguiente, Amir clicks on Computador , Amir clicks on Seleccionar, Amir clicks on Seleccionar, Amir clicks on Seleccionar, Amir clicks on Seleccionar, Amir clicks on Seleccionar, Amir clicks on Seleccionar, Amir clicks on Seleccionar, Amir clicks on Seleccionar, Amir clicks on Seleccionar, Amir clicks on Seleccionar, Amir clicks on Seleccionar, Amir clicks on Boton para continuar, Amir enters 'keN_3X.Agz9*c.&' into ContraseÃ±a, Amir enters 'keN_3X.Agz9*c.&' into Confirmar contraseÃ±a, Amir clicks on Terminos, Amir clicks on Privacidad]]
[Test worker] WARN net.thucydides.core.steps.BaseStepListener - stepStarted: net.thucydides.core.steps.ExecutedStepDescription@6cb28614
[Test worker] WARN net.thucydides.core.steps.BaseStepListener - stepStarted: net.thucydides.core.steps.ExecutedStepDescription@7bfe8a95
[Test worker] WARN net.thucydides.core.steps.BaseStepListener - stepFinished: current outcome:Amir create a user on the Utest platform:Given Enter a website the utes [Amir abrir [Amir opens the Utest pagina]], When Register on the websites
| srtname | srtlast | stremail | strmonth | strday | stryear | strcity | srtpostal | strpassword | strconfirpassword |
| Amir | Alexander | ing123@gmail.com | December | 4 | 1993 | Quibdo | 27000 | keN_3X.Agz9*c.& | keN_3X.Agz9*c.& | [Amir registro [Amir clicks on Bonton para registro, Amir enters 'Amir' into Campo para ingresar primer nombre, Amir enters 'Alexander' into Campo para ingresar segundo nombre, Amir enters 'ing123@gmail.com' into Campo para ingresar correo electronico, Amir select December on Lista de meses, Amir select 4 on Lista de dias, Amir select 1993 on Lista de aÃ±os, Amir clicks on Boton Siguiente, Amir enters 'Quibdo' into Campo ciudad, Amir types 'ARROW_DOWN' in Campo ciudad, Amir types 'ENTER' in Campo ciudad, Amir types 'ESCAPE' in Campo ciudad, Amir enters '27000' into Campo codigo postal, Amir clicks on Boton de siguiente, Amir clicks on Computador , Amir clicks on Seleccionar, Amir clicks on Seleccionar, Amir clicks on Seleccionar, Amir clicks on Seleccionar, Amir clicks on Seleccionar, Amir clicks on Seleccionar, Amir clicks on Seleccionar, Amir clicks on Seleccionar, Amir clicks on Seleccionar, Amir clicks on Seleccionar, Amir clicks on Seleccionar, Amir clicks on Boton para continuar, Amir enters 'keN_3X.Agz9*c.&' into ContraseÃ±a, Amir enters 'keN_3X.Agz9*c.&' into Confirmar contraseÃ±a, Amir clicks on Terminos, Amir clicks on Privacidad]], Then The confirm registrations
| strpregunta |
| The last step | [Then respuesta]
[Test worker] WARN net.thucydides.core.steps.BaseStepListener - stepFinished: current outcome:Amir create a user on the Utest platform:Given Enter a website the utes [Amir abrir [Amir opens the Utest pagina]], When Register on the websites
| srtname | srtlast | stremail | strmonth | strday | stryear | strcity | srtpostal | strpassword | strconfirpassword |
| Amir | Alexander | ing123@gmail.com | December | 4 | 1993 | Quibdo | 27000 | keN_3X.Agz9*c.& | keN_3X.Agz9*c.& | [Amir registro [Amir clicks on Bonton para registro, Amir enters 'Amir' into Campo para ingresar primer nombre, Amir enters 'Alexander' into Campo para ingresar segundo nombre, Amir enters 'ing123@gmail.com' into Campo para ingresar correo electronico, Amir select December on Lista de meses, Amir select 4 on Lista de dias, Amir select 1993 on Lista de aÃ±os, Amir clicks on Boton Siguiente, Amir enters 'Quibdo' into Campo ciudad, Amir types 'ARROW_DOWN' in Campo ciudad, Amir types 'ENTER' in Campo ciudad, Amir types 'ESCAPE' in Campo ciudad, Amir enters '27000' into Campo codigo postal, Amir clicks on Boton de siguiente, Amir clicks on Computador , Amir clicks on Seleccionar, Amir clicks on Seleccionar, Amir clicks on Seleccionar, Amir clicks on Seleccionar, Amir clicks on Seleccionar, Amir clicks on Seleccionar, Amir clicks on Seleccionar, Amir clicks on Seleccionar, Amir clicks on Seleccionar, Amir clicks on Seleccionar, Amir clicks on Seleccionar, Amir clicks on Boton para continuar, Amir enters 'keN_3X.Agz9*c.&' into ContraseÃ±a, Amir enters 'keN_3X.Agz9*c.&' into Confirmar contraseÃ±a, Amir clicks on Terminos, Amir clicks on Privacidad]], Then The confirm registrations
| strpregunta |
| The last step | [Then respuesta]
[Test worker] WARN net.thucydides.core.steps.BaseStepListener - testFinished: Amir create a user on the Utest platform:Given Enter a website the utes [Amir abrir [Amir opens the Utest pagina]], When Register on the websites
| srtname | srtlast | stremail | strmonth | strday | stryear | strcity | srtpostal | strpassword | strconfirpassword |
| Amir | Alexander | ing123@gmail.com | December | 4 | 1993 | Quibdo | 27000 | keN_3X.Agz9*c.& | keN_3X.Agz9*c.& | [Amir registro [Amir clicks on Bonton para registro, Amir enters 'Amir' into Campo para ingresar primer nombre, Amir enters 'Alexander' into Campo para ingresar segundo nombre, Amir enters 'ing123@gmail.com' into Campo para ingresar correo electronico, Amir select December on Lista de meses, Amir select 4 on Lista de dias, Amir select 1993 on Lista de aÃ±os, Amir clicks on Boton Siguiente, Amir enters 'Quibdo' into Campo ciudad, Amir types 'ARROW_DOWN' in Campo ciudad, Amir types 'ENTER' in Campo ciudad, Amir types 'ESCAPE' in Campo ciudad, Amir enters '27000' into Campo codigo postal, Amir clicks on Boton de siguiente, Amir clicks on Computador , Amir clicks on Seleccionar, Amir clicks on Seleccionar, Amir clicks on Seleccionar, Amir clicks on Seleccionar, Amir clicks on Seleccionar, Amir clicks on Seleccionar, Amir clicks on Seleccionar, Amir clicks on Seleccionar, Amir clicks on Seleccionar, Amir clicks on Seleccionar, Amir clicks on Seleccionar, Amir clicks on Boton para continuar, Amir enters 'keN_3X.Agz9*c.&' into ContraseÃ±a, Amir enters 'keN_3X.Agz9*c.&' into Confirmar contraseÃ±a, Amir clicks on Terminos, Amir clicks on Privacidad]], Then The confirm registrations
| strpregunta |
| The last step | [Then respuesta]
[Test worker] WARN net.thucydides.core.steps.BaseStepListener - TestOutcomes: [Amir create a user on the Utest platform:Given Enter a website the utes [Amir abrir [Amir opens the Utest pagina]], When Register on the websites
| srtname | srtlast | stremail | strmonth | strday | stryear | strcity | srtpostal | strpassword | strconfirpassword |
| Amir | Alexander | ing123@gmail.com | December | 4 | 1993 | Quibdo | 27000 | keN_3X.Agz9*c.& | keN_3X.Agz9*c.& | [Amir registro [Amir clicks on Bonton para registro, Amir enters 'Amir' into Campo para ingresar primer nombre, Amir enters 'Alexander' into Campo para ingresar segundo nombre, Amir enters 'ing123@gmail.com' into Campo para ingresar correo electronico, Amir select December on Lista de meses, Amir select 4 on Lista de dias, Amir select 1993 on Lista de aÃ±os, Amir clicks on Boton Siguiente, Amir enters 'Quibdo' into Campo ciudad, Amir types 'ARROW_DOWN' in Campo ciudad, Amir types 'ENTER' in Campo ciudad, Amir types 'ESCAPE' in Campo ciudad, Amir enters '27000' into Campo codigo postal, Amir clicks on Boton de siguiente, Amir clicks on Computador , Amir clicks on Seleccionar, Amir clicks on Seleccionar, Amir clicks on Seleccionar, Amir clicks on Seleccionar, Amir clicks on Seleccionar, Amir clicks on Seleccionar, Amir clicks on Seleccionar, Amir clicks on Seleccionar, Amir clicks on Seleccionar, Amir clicks on Seleccionar, Amir clicks on Seleccionar, Amir clicks on Boton para continuar, Amir enters 'keN_3X.Agz9*c.&' into ContraseÃ±a, Amir enters 'keN_3X.Agz9*c.&' into Confirmar contraseÃ±a, Amir clicks on Terminos, Amir clicks on Privacidad]], Then The confirm registrations
| strpregunta |
| The last step | [Then respuesta]]
[Test worker] WARN net.thucydides.core.steps.BaseStepListener - Final testOutcomes: [Amir create a user on the Utest platform:Given Enter a website the utes [Amir abrir [Amir opens the Utest pagina]], When Register on the websites
| srtname | srtlast | stremail | strmonth | strday | stryear | strcity | srtpostal | strpassword | strconfirpassword |
| Amir | Alexander | ing123@gmail.com | December | 4 | 1993 | Quibdo | 27000 | keN_3X.Agz9*c.& | keN_3X.Agz9*c.& | [Amir registro [Amir clicks on Bonton para registro, Amir enters 'Amir' into Campo para ingresar primer nombre, Amir enters 'Alexander' into Campo para ingresar segundo nombre, Amir enters 'ing123@gmail.com' into Campo para ingresar correo electronico, Amir select December on Lista de meses, Amir select 4 on Lista de dias, Amir select 1993 on Lista de aÃ±os, Amir clicks on Boton Siguiente, Amir enters 'Quibdo' into Campo ciudad, Amir types 'ARROW_DOWN' in Campo ciudad, Amir types 'ENTER' in Campo ciudad, Amir types 'ESCAPE' in Campo ciudad, Amir enters '27000' into Campo codigo postal, Amir clicks on Boton de siguiente, Amir clicks on Computador , Amir clicks on Seleccionar, Amir clicks on Seleccionar, Amir clicks on Seleccionar, Amir clicks on Seleccionar, Amir clicks on Seleccionar, Amir clicks on Seleccionar, Amir clicks on Seleccionar, Amir clicks on Seleccionar, Amir clicks on Seleccionar, Amir clicks on Seleccionar, Amir clicks on Seleccionar, Amir clicks on Boton para continuar, Amir enters 'keN_3X.Agz9*c.&' into ContraseÃ±a, Amir enters 'keN_3X.Agz9*c.&' into Confirmar contraseÃ±a, Amir clicks on Terminos, Amir clicks on Privacidad]], Then The confirm registrations
| strpregunta |
| The last step | [Then respuesta]]
[Test worker] INFO net.thucydides.core.steps.ConsoleLoggingListener - 
        __    _____ _____ ____ _____   ____   _    ____  ____  _____ ____  
  _     \ \  |_   _| ____/ ___|_   _| |  _ \ / \  / ___|/ ___|| ____|  _ \ 
 (_)_____| |   | | |  _| \___ \ | |   | |_) / _ \ \___ \\___ \|  _| | | | |
  _|_____| |   | | | |___ ___) || |   |  __/ ___ \ ___) |___) | |___| |_| |
 (_)     | |   |_| |_____|____/ |_|   |_| /_/   \_\____/|____/|_____|____/ 
        /_/                                                                

TEST PASSED: Amir create a user on the Utest platform
----------------------------------------------------------------------------
]]></system-err>
</testsuite>
